{"meta": {"format": 3, "version": "7.12.0", "timestamp": "2025-12-08T23:17:35.266435", "branch_coverage": false, "show_contexts": false}, "files": {"src/puzzle_arcade_server/base/__init__.py": {"executed_lines": [1, 3, 5], "summary": {"covered_lines": 2, "num_statements": 2, "percent_covered": 100.0, "percent_covered_display": "100", "missing_lines": 0, "excluded_lines": 0, "percent_statements_covered": 100.0, "percent_statements_covered_display": "100"}, "missing_lines": [], "excluded_lines": [], "functions": {"": {"executed_lines": [1, 3, 5], "summary": {"covered_lines": 2, "num_statements": 2, "percent_covered": 100.0, "percent_covered_display": "100", "missing_lines": 0, "excluded_lines": 0, "percent_statements_covered": 100.0, "percent_statements_covered_display": "100"}, "missing_lines": [], "excluded_lines": []}}, "classes": {"": {"executed_lines": [1, 3, 5], "summary": {"covered_lines": 2, "num_statements": 2, "percent_covered": 100.0, "percent_covered_display": "100", "missing_lines": 0, "excluded_lines": 0, "percent_statements_covered": 100.0, "percent_statements_covered_display": "100"}, "missing_lines": [], "excluded_lines": []}}}, "src/puzzle_arcade_server/base/puzzle_game.py": {"executed_lines": [1, 3, 4, 7, 8, 15, 21, 22, 23, 25, 26, 34, 35, 46, 47, 55, 56, 64, 65, 75, 76, 84, 85, 93, 101, 102, 103, 107, 108, 109], "summary": {"covered_lines": 8, "num_statements": 9, "percent_covered": 88.88888888888889, "percent_covered_display": "89", "missing_lines": 1, "excluded_lines": 71, "percent_statements_covered": 88.88888888888889, "percent_statements_covered_display": "89"}, "missing_lines": [99], "excluded_lines": [25, 26, 27, 28, 29, 30, 31, 32, 34, 35, 36, 37, 38, 39, 40, 41, 42, 43, 44, 46, 47, 48, 49, 50, 51, 52, 53, 55, 56, 57, 58, 59, 60, 61, 62, 64, 65, 66, 67, 68, 69, 70, 71, 72, 73, 75, 76, 77, 78, 79, 80, 81, 82, 84, 85, 86, 87, 88, 89, 90, 91, 101, 102, 103, 104, 105, 107, 108, 109, 110, 111], "functions": {"PuzzleGame.__init__": {"executed_lines": [21, 22, 23], "summary": {"covered_lines": 3, "num_statements": 3, "percent_covered": 100.0, "percent_covered_display": "100", "missing_lines": 0, "excluded_lines": 0, "percent_statements_covered": 100.0, "percent_statements_covered_display": "100"}, "missing_lines": [], "excluded_lines": []}, "PuzzleGame.generate_puzzle": {"executed_lines": [], "summary": {"covered_lines": 0, "num_statements": 0, "percent_covered": 100.0, "percent_covered_display": "100", "missing_lines": 0, "excluded_lines": 6, "percent_statements_covered": 100.0, "percent_statements_covered_display": "100"}, "missing_lines": [], "excluded_lines": [27, 28, 29, 30, 31, 32]}, "PuzzleGame.validate_move": {"executed_lines": [], "summary": {"covered_lines": 0, "num_statements": 0, "percent_covered": 100.0, "percent_covered_display": "100", "missing_lines": 0, "excluded_lines": 9, "percent_statements_covered": 100.0, "percent_statements_covered_display": "100"}, "missing_lines": [], "excluded_lines": [36, 37, 38, 39, 40, 41, 42, 43, 44]}, "PuzzleGame.is_complete": {"executed_lines": [], "summary": {"covered_lines": 0, "num_statements": 0, "percent_covered": 100.0, "percent_covered_display": "100", "missing_lines": 0, "excluded_lines": 6, "percent_statements_covered": 100.0, "percent_statements_covered_display": "100"}, "missing_lines": [], "excluded_lines": [48, 49, 50, 51, 52, 53]}, "PuzzleGame.get_hint": {"executed_lines": [], "summary": {"covered_lines": 0, "num_statements": 0, "percent_covered": 100.0, "percent_covered_display": "100", "missing_lines": 0, "excluded_lines": 6, "percent_statements_covered": 100.0, "percent_statements_covered_display": "100"}, "missing_lines": [], "excluded_lines": [57, 58, 59, 60, 61, 62]}, "PuzzleGame.render_grid": {"executed_lines": [], "summary": {"covered_lines": 0, "num_statements": 0, "percent_covered": 100.0, "percent_covered_display": "100", "missing_lines": 0, "excluded_lines": 8, "percent_statements_covered": 100.0, "percent_statements_covered_display": "100"}, "missing_lines": [], "excluded_lines": [66, 67, 68, 69, 70, 71, 72, 73]}, "PuzzleGame.get_rules": {"executed_lines": [], "summary": {"covered_lines": 0, "num_statements": 0, "percent_covered": 100.0, "percent_covered_display": "100", "missing_lines": 0, "excluded_lines": 6, "percent_statements_covered": 100.0, "percent_statements_covered_display": "100"}, "missing_lines": [], "excluded_lines": [77, 78, 79, 80, 81, 82]}, "PuzzleGame.get_commands": {"executed_lines": [], "summary": {"covered_lines": 0, "num_statements": 0, "percent_covered": 100.0, "percent_covered_display": "100", "missing_lines": 0, "excluded_lines": 6, "percent_statements_covered": 100.0, "percent_statements_covered_display": "100"}, "missing_lines": [], "excluded_lines": [86, 87, 88, 89, 90, 91]}, "PuzzleGame.get_stats": {"executed_lines": [], "summary": {"covered_lines": 0, "num_statements": 1, "percent_covered": 0.0, "percent_covered_display": "0", "missing_lines": 1, "excluded_lines": 0, "percent_statements_covered": 0.0, "percent_statements_covered_display": "0"}, "missing_lines": [99], "excluded_lines": []}, "PuzzleGame.name": {"executed_lines": [], "summary": {"covered_lines": 0, "num_statements": 0, "percent_covered": 100.0, "percent_covered_display": "100", "missing_lines": 0, "excluded_lines": 2, "percent_statements_covered": 100.0, "percent_statements_covered_display": "100"}, "missing_lines": [], "excluded_lines": [104, 105]}, "PuzzleGame.description": {"executed_lines": [], "summary": {"covered_lines": 0, "num_statements": 0, "percent_covered": 100.0, "percent_covered_display": "100", "missing_lines": 0, "excluded_lines": 2, "percent_statements_covered": 100.0, "percent_statements_covered_display": "100"}, "missing_lines": [], "excluded_lines": [110, 111]}, "": {"executed_lines": [1, 3, 4, 7, 8, 15, 25, 26, 34, 35, 46, 47, 55, 56, 64, 65, 75, 76, 84, 85, 93, 101, 102, 103, 107, 108, 109], "summary": {"covered_lines": 5, "num_statements": 5, "percent_covered": 100.0, "percent_covered_display": "100", "missing_lines": 0, "excluded_lines": 20, "percent_statements_covered": 100.0, "percent_statements_covered_display": "100"}, "missing_lines": [], "excluded_lines": [25, 26, 34, 35, 46, 47, 55, 56, 64, 65, 75, 76, 84, 85, 101, 102, 103, 107, 108, 109]}}, "classes": {"PuzzleGame": {"executed_lines": [21, 22, 23], "summary": {"covered_lines": 3, "num_statements": 4, "percent_covered": 75.0, "percent_covered_display": "75", "missing_lines": 1, "excluded_lines": 51, "percent_statements_covered": 75.0, "percent_statements_covered_display": "75"}, "missing_lines": [99], "excluded_lines": [27, 28, 29, 30, 31, 32, 36, 37, 38, 39, 40, 41, 42, 43, 44, 48, 49, 50, 51, 52, 53, 57, 58, 59, 60, 61, 62, 66, 67, 68, 69, 70, 71, 72, 73, 77, 78, 79, 80, 81, 82, 86, 87, 88, 89, 90, 91, 104, 105, 110, 111]}, "": {"executed_lines": [1, 3, 4, 7, 8, 15, 25, 26, 34, 35, 46, 47, 55, 56, 64, 65, 75, 76, 84, 85, 93, 101, 102, 103, 107, 108, 109], "summary": {"covered_lines": 5, "num_statements": 5, "percent_covered": 100.0, "percent_covered_display": "100", "missing_lines": 0, "excluded_lines": 20, "percent_statements_covered": 100.0, "percent_statements_covered_display": "100"}, "missing_lines": [], "excluded_lines": [25, 26, 34, 35, 46, 47, 55, 56, 64, 65, 75, 76, 84, 85, 101, 102, 103, 107, 108, 109]}}}, "src/puzzle_arcade_server/games/__init__.py": {"executed_lines": [1, 3, 4, 5, 6, 7, 8, 9, 12, 22], "summary": {"covered_lines": 9, "num_statements": 9, "percent_covered": 100.0, "percent_covered_display": "100", "missing_lines": 0, "excluded_lines": 0, "percent_statements_covered": 100.0, "percent_statements_covered_display": "100"}, "missing_lines": [], "excluded_lines": [], "functions": {"": {"executed_lines": [1, 3, 4, 5, 6, 7, 8, 9, 12, 22], "summary": {"covered_lines": 9, "num_statements": 9, "percent_covered": 100.0, "percent_covered_display": "100", "missing_lines": 0, "excluded_lines": 0, "percent_statements_covered": 100.0, "percent_statements_covered_display": "100"}, "missing_lines": [], "excluded_lines": []}}, "classes": {"": {"executed_lines": [1, 3, 4, 5, 6, 7, 8, 9, 12, 22], "summary": {"covered_lines": 9, "num_statements": 9, "percent_covered": 100.0, "percent_covered_display": "100", "missing_lines": 0, "excluded_lines": 0, "percent_statements_covered": 100.0, "percent_statements_covered_display": "100"}, "missing_lines": [], "excluded_lines": []}}}, "src/puzzle_arcade_server/games/binary.py": {"executed_lines": [1, 3, 4, 6, 9, 10, 18, 24, 27, 30, 31, 32, 34, 35, 37, 39, 40, 42, 44, 54, 55, 56, 57, 58, 61, 62, 63, 64, 65, 67, 69, 78, 80, 81, 83, 85, 87, 93, 94, 95, 97, 98, 101, 103, 104, 106, 107, 108, 109, 111, 113, 115, 117, 121, 124, 126, 127, 130, 131, 132, 133, 134, 137, 138, 139, 140, 141, 143, 145, 146, 147, 148, 149, 150, 153, 154, 159, 160, 162, 165, 170, 173, 174, 176, 177, 179, 180, 181, 183, 195, 196, 199, 200, 203, 204, 207, 208, 209, 212, 213, 216, 217, 220, 221, 222, 225, 226, 227, 228, 230, 231, 232, 233, 235, 236, 238, 241, 242, 243, 244, 245, 248, 250, 256, 257, 260, 261, 262, 263, 265, 271, 274, 275, 277, 278, 279, 280, 281, 282, 284, 285, 286, 288, 290, 296, 302, 308, 318, 324, 325], "summary": {"covered_lines": 148, "num_statements": 150, "percent_covered": 98.66666666666667, "percent_covered_display": "99", "missing_lines": 2, "excluded_lines": 0, "percent_statements_covered": 98.66666666666667, "percent_statements_covered_display": "99"}, "missing_lines": [246, 258], "excluded_lines": [], "functions": {"BinaryPuzzleGame.__init__": {"executed_lines": [24, 27, 30, 31, 32], "summary": {"covered_lines": 5, "num_statements": 5, "percent_covered": 100.0, "percent_covered_display": "100", "missing_lines": 0, "excluded_lines": 0, "percent_statements_covered": 100.0, "percent_statements_covered_display": "100"}, "missing_lines": [], "excluded_lines": []}, "BinaryPuzzleGame.name": {"executed_lines": [37], "summary": {"covered_lines": 1, "num_statements": 1, "percent_covered": 100.0, "percent_covered_display": "100", "missing_lines": 0, "excluded_lines": 0, "percent_statements_covered": 100.0, "percent_statements_covered_display": "100"}, "missing_lines": [], "excluded_lines": []}, "BinaryPuzzleGame.description": {"executed_lines": [42], "summary": {"covered_lines": 1, "num_statements": 1, "percent_covered": 100.0, "percent_covered_display": "100", "missing_lines": 0, "excluded_lines": 0, "percent_statements_covered": 100.0, "percent_statements_covered_display": "100"}, "missing_lines": [], "excluded_lines": []}, "BinaryPuzzleGame._check_no_three_consecutive": {"executed_lines": [54, 55, 56, 57, 58, 61, 62, 63, 64, 65, 67], "summary": {"covered_lines": 11, "num_statements": 11, "percent_covered": 100.0, "percent_covered_display": "100", "missing_lines": 0, "excluded_lines": 0, "percent_statements_covered": 100.0, "percent_statements_covered_display": "100"}, "missing_lines": [], "excluded_lines": []}, "BinaryPuzzleGame._check_equal_counts": {"executed_lines": [78, 80, 81, 83, 85], "summary": {"covered_lines": 5, "num_statements": 5, "percent_covered": 100.0, "percent_covered_display": "100", "missing_lines": 0, "excluded_lines": 0, "percent_statements_covered": 100.0, "percent_statements_covered_display": "100"}, "missing_lines": [], "excluded_lines": []}, "BinaryPuzzleGame._generate_valid_solution": {"executed_lines": [93, 94, 95, 97, 98, 101, 103, 104, 106, 107, 108, 109, 111, 113, 115], "summary": {"covered_lines": 15, "num_statements": 15, "percent_covered": 100.0, "percent_covered_display": "100", "missing_lines": 0, "excluded_lines": 0, "percent_statements_covered": 100.0, "percent_statements_covered_display": "100"}, "missing_lines": [], "excluded_lines": []}, "BinaryPuzzleGame.generate_puzzle": {"executed_lines": [121, 124, 126, 127, 130, 131, 132, 133, 134, 137, 138, 139, 140, 141, 143, 145, 146, 147, 148, 149, 150, 153, 154, 159, 160, 162, 165, 170, 173, 174, 176, 177, 179, 180, 181], "summary": {"covered_lines": 35, "num_statements": 35, "percent_covered": 100.0, "percent_covered_display": "100", "missing_lines": 0, "excluded_lines": 0, "percent_statements_covered": 100.0, "percent_statements_covered_display": "100"}, "missing_lines": [], "excluded_lines": []}, "BinaryPuzzleGame.validate_move": {"executed_lines": [195, 196, 199, 200, 203, 204, 207, 208, 209, 212, 213, 216, 217, 220, 221, 222, 225, 226, 227, 228, 230, 231, 232, 233, 235, 236], "summary": {"covered_lines": 26, "num_statements": 26, "percent_covered": 100.0, "percent_covered_display": "100", "missing_lines": 0, "excluded_lines": 0, "percent_statements_covered": 100.0, "percent_statements_covered_display": "100"}, "missing_lines": [], "excluded_lines": []}, "BinaryPuzzleGame.is_complete": {"executed_lines": [241, 242, 243, 244, 245, 248], "summary": {"covered_lines": 6, "num_statements": 7, "percent_covered": 85.71428571428571, "percent_covered_display": "86", "missing_lines": 1, "excluded_lines": 0, "percent_statements_covered": 85.71428571428571, "percent_statements_covered_display": "86"}, "missing_lines": [246], "excluded_lines": []}, "BinaryPuzzleGame.get_hint": {"executed_lines": [256, 257, 260, 261, 262, 263], "summary": {"covered_lines": 6, "num_statements": 7, "percent_covered": 85.71428571428571, "percent_covered_display": "86", "missing_lines": 1, "excluded_lines": 0, "percent_statements_covered": 85.71428571428571, "percent_statements_covered_display": "86"}, "missing_lines": [258], "excluded_lines": []}, "BinaryPuzzleGame.render_grid": {"executed_lines": [271, 274, 275, 277, 278, 279, 280, 281, 282, 284, 285, 286, 288], "summary": {"covered_lines": 13, "num_statements": 13, "percent_covered": 100.0, "percent_covered_display": "100", "missing_lines": 0, "excluded_lines": 0, "percent_statements_covered": 100.0, "percent_statements_covered_display": "100"}, "missing_lines": [], "excluded_lines": []}, "BinaryPuzzleGame.get_rules": {"executed_lines": [296], "summary": {"covered_lines": 1, "num_statements": 1, "percent_covered": 100.0, "percent_covered_display": "100", "missing_lines": 0, "excluded_lines": 0, "percent_statements_covered": 100.0, "percent_statements_covered_display": "100"}, "missing_lines": [], "excluded_lines": []}, "BinaryPuzzleGame.get_commands": {"executed_lines": [308], "summary": {"covered_lines": 1, "num_statements": 1, "percent_covered": 100.0, "percent_covered_display": "100", "missing_lines": 0, "excluded_lines": 0, "percent_statements_covered": 100.0, "percent_statements_covered_display": "100"}, "missing_lines": [], "excluded_lines": []}, "BinaryPuzzleGame.get_stats": {"executed_lines": [324, 325], "summary": {"covered_lines": 2, "num_statements": 2, "percent_covered": 100.0, "percent_covered_display": "100", "missing_lines": 0, "excluded_lines": 0, "percent_statements_covered": 100.0, "percent_statements_covered_display": "100"}, "missing_lines": [], "excluded_lines": []}, "": {"executed_lines": [1, 3, 4, 6, 9, 10, 18, 34, 35, 39, 40, 44, 69, 87, 117, 183, 238, 250, 265, 290, 302, 318], "summary": {"covered_lines": 20, "num_statements": 20, "percent_covered": 100.0, "percent_covered_display": "100", "missing_lines": 0, "excluded_lines": 0, "percent_statements_covered": 100.0, "percent_statements_covered_display": "100"}, "missing_lines": [], "excluded_lines": []}}, "classes": {"BinaryPuzzleGame": {"executed_lines": [24, 27, 30, 31, 32, 37, 42, 54, 55, 56, 57, 58, 61, 62, 63, 64, 65, 67, 78, 80, 81, 83, 85, 93, 94, 95, 97, 98, 101, 103, 104, 106, 107, 108, 109, 111, 113, 115, 121, 124, 126, 127, 130, 131, 132, 133, 134, 137, 138, 139, 140, 141, 143, 145, 146, 147, 148, 149, 150, 153, 154, 159, 160, 162, 165, 170, 173, 174, 176, 177, 179, 180, 181, 195, 196, 199, 200, 203, 204, 207, 208, 209, 212, 213, 216, 217, 220, 221, 222, 225, 226, 227, 228, 230, 231, 232, 233, 235, 236, 241, 242, 243, 244, 245, 248, 256, 257, 260, 261, 262, 263, 271, 274, 275, 277, 278, 279, 280, 281, 282, 284, 285, 286, 288, 296, 308, 324, 325], "summary": {"covered_lines": 128, "num_statements": 130, "percent_covered": 98.46153846153847, "percent_covered_display": "98", "missing_lines": 2, "excluded_lines": 0, "percent_statements_covered": 98.46153846153847, "percent_statements_covered_display": "98"}, "missing_lines": [246, 258], "excluded_lines": []}, "": {"executed_lines": [1, 3, 4, 6, 9, 10, 18, 34, 35, 39, 40, 44, 69, 87, 117, 183, 238, 250, 265, 290, 302, 318], "summary": {"covered_lines": 20, "num_statements": 20, "percent_covered": 100.0, "percent_covered_display": "100", "missing_lines": 0, "excluded_lines": 0, "percent_statements_covered": 100.0, "percent_statements_covered_display": "100"}, "missing_lines": [], "excluded_lines": []}}}, "src/puzzle_arcade_server/games/futoshiki.py": {"executed_lines": [1, 3, 4, 6, 9, 10, 16, 22, 25, 27, 28, 29, 33, 35, 36, 38, 40, 41, 43, 45, 57, 58, 61, 62, 63, 66, 67, 68, 71, 73, 75, 76, 77, 79, 80, 82, 84, 93, 94, 95, 96, 97, 99, 100, 102, 104, 105, 107, 109, 112, 117, 120, 121, 122, 125, 126, 127, 130, 132, 133, 134, 136, 137, 139, 141, 144, 147, 148, 149, 152, 153, 154, 155, 157, 158, 161, 164, 169, 172, 173, 175, 176, 178, 179, 180, 182, 194, 195, 198, 199, 202, 203, 206, 207, 208, 211, 212, 215, 216, 218, 222, 223, 225, 227, 228, 229, 230, 231, 233, 235, 241, 242, 245, 246, 247, 248, 250, 256, 259, 260, 262, 263, 264, 265, 267, 269, 270, 272, 275, 277, 279, 280, 281, 282, 283, 286, 287, 288, 290, 291, 294, 295, 296, 297, 298, 299, 300, 301, 302, 304, 306, 312, 317, 323, 333, 339, 340], "summary": {"covered_lines": 155, "num_statements": 159, "percent_covered": 97.48427672955975, "percent_covered_display": "97", "missing_lines": 4, "excluded_lines": 0, "percent_statements_covered": 97.48427672955975, "percent_statements_covered_display": "97"}, "missing_lines": [219, 220, 232, 243], "excluded_lines": [], "functions": {"FutoshikiGame.__init__": {"executed_lines": [22, 25, 27, 28, 29, 33], "summary": {"covered_lines": 6, "num_statements": 6, "percent_covered": 100.0, "percent_covered_display": "100", "missing_lines": 0, "excluded_lines": 0, "percent_statements_covered": 100.0, "percent_statements_covered_display": "100"}, "missing_lines": [], "excluded_lines": []}, "FutoshikiGame.name": {"executed_lines": [38], "summary": {"covered_lines": 1, "num_statements": 1, "percent_covered": 100.0, "percent_covered_display": "100", "missing_lines": 0, "excluded_lines": 0, "percent_statements_covered": 100.0, "percent_statements_covered_display": "100"}, "missing_lines": [], "excluded_lines": []}, "FutoshikiGame.description": {"executed_lines": [43], "summary": {"covered_lines": 1, "num_statements": 1, "percent_covered": 100.0, "percent_covered_display": "100", "missing_lines": 0, "excluded_lines": 0, "percent_statements_covered": 100.0, "percent_statements_covered_display": "100"}, "missing_lines": [], "excluded_lines": []}, "FutoshikiGame.is_valid_move": {"executed_lines": [57, 58, 61, 62, 63, 66, 67, 68, 71, 73, 75, 76, 77, 79, 80, 82], "summary": {"covered_lines": 16, "num_statements": 16, "percent_covered": 100.0, "percent_covered_display": "100", "missing_lines": 0, "excluded_lines": 0, "percent_statements_covered": 100.0, "percent_statements_covered_display": "100"}, "missing_lines": [], "excluded_lines": []}, "FutoshikiGame.solve": {"executed_lines": [93, 94, 95, 96, 97, 99, 100, 102, 104, 105], "summary": {"covered_lines": 10, "num_statements": 10, "percent_covered": 100.0, "percent_covered_display": "100", "missing_lines": 0, "excluded_lines": 0, "percent_statements_covered": 100.0, "percent_statements_covered_display": "100"}, "missing_lines": [], "excluded_lines": []}, "FutoshikiGame._generate_inequalities": {"executed_lines": [109, 112, 117, 120, 121, 122, 125, 126, 127, 130, 132, 133, 134, 136, 137, 139], "summary": {"covered_lines": 16, "num_statements": 16, "percent_covered": 100.0, "percent_covered_display": "100", "missing_lines": 0, "excluded_lines": 0, "percent_statements_covered": 100.0, "percent_statements_covered_display": "100"}, "missing_lines": [], "excluded_lines": []}, "FutoshikiGame.generate_puzzle": {"executed_lines": [144, 147, 148, 149, 152, 153, 154, 155, 157, 158, 161, 164, 169, 172, 173, 175, 176, 178, 179, 180], "summary": {"covered_lines": 20, "num_statements": 20, "percent_covered": 100.0, "percent_covered_display": "100", "missing_lines": 0, "excluded_lines": 0, "percent_statements_covered": 100.0, "percent_statements_covered_display": "100"}, "missing_lines": [], "excluded_lines": []}, "FutoshikiGame.validate_move": {"executed_lines": [194, 195, 198, 199, 202, 203, 206, 207, 208, 211, 212, 215, 216, 218, 222, 223], "summary": {"covered_lines": 16, "num_statements": 18, "percent_covered": 88.88888888888889, "percent_covered_display": "89", "missing_lines": 2, "excluded_lines": 0, "percent_statements_covered": 88.88888888888889, "percent_statements_covered_display": "89"}, "missing_lines": [219, 220], "excluded_lines": []}, "FutoshikiGame.is_complete": {"executed_lines": [227, 228, 229, 230, 231, 233], "summary": {"covered_lines": 6, "num_statements": 7, "percent_covered": 85.71428571428571, "percent_covered_display": "86", "missing_lines": 1, "excluded_lines": 0, "percent_statements_covered": 85.71428571428571, "percent_statements_covered_display": "86"}, "missing_lines": [232], "excluded_lines": []}, "FutoshikiGame.get_hint": {"executed_lines": [241, 242, 245, 246, 247, 248], "summary": {"covered_lines": 6, "num_statements": 7, "percent_covered": 85.71428571428571, "percent_covered_display": "86", "missing_lines": 1, "excluded_lines": 0, "percent_statements_covered": 85.71428571428571, "percent_statements_covered_display": "86"}, "missing_lines": [243], "excluded_lines": []}, "FutoshikiGame.render_grid": {"executed_lines": [256, 259, 260, 262, 263, 264, 265, 267, 269, 270, 272, 275, 277, 279, 280, 281, 282, 283, 286, 287, 288, 290, 291, 294, 295, 296, 297, 298, 299, 300, 301, 302, 304], "summary": {"covered_lines": 33, "num_statements": 33, "percent_covered": 100.0, "percent_covered_display": "100", "missing_lines": 0, "excluded_lines": 0, "percent_statements_covered": 100.0, "percent_statements_covered_display": "100"}, "missing_lines": [], "excluded_lines": []}, "FutoshikiGame.get_rules": {"executed_lines": [312], "summary": {"covered_lines": 1, "num_statements": 1, "percent_covered": 100.0, "percent_covered_display": "100", "missing_lines": 0, "excluded_lines": 0, "percent_statements_covered": 100.0, "percent_statements_covered_display": "100"}, "missing_lines": [], "excluded_lines": []}, "FutoshikiGame.get_commands": {"executed_lines": [323], "summary": {"covered_lines": 1, "num_statements": 1, "percent_covered": 100.0, "percent_covered_display": "100", "missing_lines": 0, "excluded_lines": 0, "percent_statements_covered": 100.0, "percent_statements_covered_display": "100"}, "missing_lines": [], "excluded_lines": []}, "FutoshikiGame.get_stats": {"executed_lines": [339, 340], "summary": {"covered_lines": 2, "num_statements": 2, "percent_covered": 100.0, "percent_covered_display": "100", "missing_lines": 0, "excluded_lines": 0, "percent_statements_covered": 100.0, "percent_statements_covered_display": "100"}, "missing_lines": [], "excluded_lines": []}, "": {"executed_lines": [1, 3, 4, 6, 9, 10, 16, 35, 36, 40, 41, 45, 84, 107, 141, 182, 225, 235, 250, 306, 317, 333], "summary": {"covered_lines": 20, "num_statements": 20, "percent_covered": 100.0, "percent_covered_display": "100", "missing_lines": 0, "excluded_lines": 0, "percent_statements_covered": 100.0, "percent_statements_covered_display": "100"}, "missing_lines": [], "excluded_lines": []}}, "classes": {"FutoshikiGame": {"executed_lines": [22, 25, 27, 28, 29, 33, 38, 43, 57, 58, 61, 62, 63, 66, 67, 68, 71, 73, 75, 76, 77, 79, 80, 82, 93, 94, 95, 96, 97, 99, 100, 102, 104, 105, 109, 112, 117, 120, 121, 122, 125, 126, 127, 130, 132, 133, 134, 136, 137, 139, 144, 147, 148, 149, 152, 153, 154, 155, 157, 158, 161, 164, 169, 172, 173, 175, 176, 178, 179, 180, 194, 195, 198, 199, 202, 203, 206, 207, 208, 211, 212, 215, 216, 218, 222, 223, 227, 228, 229, 230, 231, 233, 241, 242, 245, 246, 247, 248, 256, 259, 260, 262, 263, 264, 265, 267, 269, 270, 272, 275, 277, 279, 280, 281, 282, 283, 286, 287, 288, 290, 291, 294, 295, 296, 297, 298, 299, 300, 301, 302, 304, 312, 323, 339, 340], "summary": {"covered_lines": 135, "num_statements": 139, "percent_covered": 97.12230215827338, "percent_covered_display": "97", "missing_lines": 4, "excluded_lines": 0, "percent_statements_covered": 97.12230215827338, "percent_statements_covered_display": "97"}, "missing_lines": [219, 220, 232, 243], "excluded_lines": []}, "": {"executed_lines": [1, 3, 4, 6, 9, 10, 16, 35, 36, 40, 41, 45, 84, 107, 141, 182, 225, 235, 250, 306, 317, 333], "summary": {"covered_lines": 20, "num_statements": 20, "percent_covered": 100.0, "percent_covered_display": "100", "missing_lines": 0, "excluded_lines": 0, "percent_statements_covered": 100.0, "percent_statements_covered_display": "100"}, "missing_lines": [], "excluded_lines": []}}}, "src/puzzle_arcade_server/games/kakuro.py": {"executed_lines": [1, 3, 4, 6, 9, 10, 17, 23, 26, 29, 30, 31, 35, 37, 38, 40, 42, 43, 45, 47, 50, 53, 54, 57, 58, 59, 60, 61, 62, 64, 70, 73, 74, 75, 76, 78, 79, 80, 81, 82, 84, 85, 87, 90, 91, 92, 93, 95, 96, 97, 98, 99, 101, 102, 104, 106, 108, 111, 114, 117, 118, 120, 122, 123, 125, 126, 129, 130, 133, 134, 135, 136, 138, 139, 140, 142, 154, 155, 158, 162, 163, 166, 167, 168, 171, 174, 175, 176, 178, 181, 182, 183, 184, 185, 188, 190, 196, 199, 202, 203, 204, 205, 207, 213, 216, 217, 219, 220, 221, 222, 223, 225, 226, 227, 228, 229, 232, 233, 234, 235, 237, 239, 245, 251, 257, 267], "summary": {"covered_lines": 124, "num_statements": 131, "percent_covered": 94.65648854961832, "percent_covered_display": "95", "missing_lines": 7, "excluded_lines": 0, "percent_statements_covered": 94.65648854961832, "percent_statements_covered_display": "95"}, "missing_lines": [159, 172, 186, 200, 273, 274, 277], "excluded_lines": [], "functions": {"KakuroGame.__init__": {"executed_lines": [23, 26, 29, 30, 31, 35], "summary": {"covered_lines": 6, "num_statements": 6, "percent_covered": 100.0, "percent_covered_display": "100", "missing_lines": 0, "excluded_lines": 0, "percent_statements_covered": 100.0, "percent_statements_covered_display": "100"}, "missing_lines": [], "excluded_lines": []}, "KakuroGame.name": {"executed_lines": [40], "summary": {"covered_lines": 1, "num_statements": 1, "percent_covered": 100.0, "percent_covered_display": "100", "missing_lines": 0, "excluded_lines": 0, "percent_statements_covered": 100.0, "percent_statements_covered_display": "100"}, "missing_lines": [], "excluded_lines": []}, "KakuroGame.description": {"executed_lines": [45], "summary": {"covered_lines": 1, "num_statements": 1, "percent_covered": 100.0, "percent_covered_display": "100", "missing_lines": 0, "excluded_lines": 0, "percent_statements_covered": 100.0, "percent_statements_covered_display": "100"}, "missing_lines": [], "excluded_lines": []}, "KakuroGame._create_pattern": {"executed_lines": [50, 53, 54, 57, 58, 59, 60, 61, 62], "summary": {"covered_lines": 9, "num_statements": 9, "percent_covered": 100.0, "percent_covered_display": "100", "missing_lines": 0, "excluded_lines": 0, "percent_statements_covered": 100.0, "percent_statements_covered_display": "100"}, "missing_lines": [], "excluded_lines": []}, "KakuroGame._find_runs": {"executed_lines": [70, 73, 74, 75, 76, 78, 79, 80, 81, 82, 84, 85, 87, 90, 91, 92, 93, 95, 96, 97, 98, 99, 101, 102, 104, 106], "summary": {"covered_lines": 26, "num_statements": 26, "percent_covered": 100.0, "percent_covered_display": "100", "missing_lines": 0, "excluded_lines": 0, "percent_statements_covered": 100.0, "percent_statements_covered_display": "100"}, "missing_lines": [], "excluded_lines": []}, "KakuroGame.generate_puzzle": {"executed_lines": [111, 114, 117, 118, 120, 122, 123, 125, 126, 129, 130, 133, 134, 135, 136, 138, 139, 140], "summary": {"covered_lines": 18, "num_statements": 18, "percent_covered": 100.0, "percent_covered_display": "100", "missing_lines": 0, "excluded_lines": 0, "percent_statements_covered": 100.0, "percent_statements_covered_display": "100"}, "missing_lines": [], "excluded_lines": []}, "KakuroGame.validate_move": {"executed_lines": [154, 155, 158, 162, 163, 166, 167, 168, 171, 174, 175, 176], "summary": {"covered_lines": 12, "num_statements": 14, "percent_covered": 85.71428571428571, "percent_covered_display": "86", "missing_lines": 2, "excluded_lines": 0, "percent_statements_covered": 85.71428571428571, "percent_statements_covered_display": "86"}, "missing_lines": [159, 172], "excluded_lines": []}, "KakuroGame.is_complete": {"executed_lines": [181, 182, 183, 184, 185, 188], "summary": {"covered_lines": 6, "num_statements": 7, "percent_covered": 85.71428571428571, "percent_covered_display": "86", "missing_lines": 1, "excluded_lines": 0, "percent_statements_covered": 85.71428571428571, "percent_statements_covered_display": "86"}, "missing_lines": [186], "excluded_lines": []}, "KakuroGame.get_hint": {"executed_lines": [196, 199, 202, 203, 204, 205], "summary": {"covered_lines": 6, "num_statements": 7, "percent_covered": 85.71428571428571, "percent_covered_display": "86", "missing_lines": 1, "excluded_lines": 0, "percent_statements_covered": 85.71428571428571, "percent_statements_covered_display": "86"}, "missing_lines": [200], "excluded_lines": []}, "KakuroGame.render_grid": {"executed_lines": [213, 216, 217, 219, 220, 221, 222, 223, 225, 226, 227, 228, 229, 232, 233, 234, 235, 237], "summary": {"covered_lines": 18, "num_statements": 18, "percent_covered": 100.0, "percent_covered_display": "100", "missing_lines": 0, "excluded_lines": 0, "percent_statements_covered": 100.0, "percent_statements_covered_display": "100"}, "missing_lines": [], "excluded_lines": []}, "KakuroGame.get_rules": {"executed_lines": [245], "summary": {"covered_lines": 1, "num_statements": 1, "percent_covered": 100.0, "percent_covered_display": "100", "missing_lines": 0, "excluded_lines": 0, "percent_statements_covered": 100.0, "percent_statements_covered_display": "100"}, "missing_lines": [], "excluded_lines": []}, "KakuroGame.get_commands": {"executed_lines": [257], "summary": {"covered_lines": 1, "num_statements": 1, "percent_covered": 100.0, "percent_covered_display": "100", "missing_lines": 0, "excluded_lines": 0, "percent_statements_covered": 100.0, "percent_statements_covered_display": "100"}, "missing_lines": [], "excluded_lines": []}, "KakuroGame.get_stats": {"executed_lines": [], "summary": {"covered_lines": 0, "num_statements": 3, "percent_covered": 0.0, "percent_covered_display": "0", "missing_lines": 3, "excluded_lines": 0, "percent_statements_covered": 0.0, "percent_statements_covered_display": "0"}, "missing_lines": [273, 274, 277], "excluded_lines": []}, "": {"executed_lines": [1, 3, 4, 6, 9, 10, 17, 37, 38, 42, 43, 47, 64, 108, 142, 178, 190, 207, 239, 251, 267], "summary": {"covered_lines": 19, "num_statements": 19, "percent_covered": 100.0, "percent_covered_display": "100", "missing_lines": 0, "excluded_lines": 0, "percent_statements_covered": 100.0, "percent_statements_covered_display": "100"}, "missing_lines": [], "excluded_lines": []}}, "classes": {"KakuroGame": {"executed_lines": [23, 26, 29, 30, 31, 35, 40, 45, 50, 53, 54, 57, 58, 59, 60, 61, 62, 70, 73, 74, 75, 76, 78, 79, 80, 81, 82, 84, 85, 87, 90, 91, 92, 93, 95, 96, 97, 98, 99, 101, 102, 104, 106, 111, 114, 117, 118, 120, 122, 123, 125, 126, 129, 130, 133, 134, 135, 136, 138, 139, 140, 154, 155, 158, 162, 163, 166, 167, 168, 171, 174, 175, 176, 181, 182, 183, 184, 185, 188, 196, 199, 202, 203, 204, 205, 213, 216, 217, 219, 220, 221, 222, 223, 225, 226, 227, 228, 229, 232, 233, 234, 235, 237, 245, 257], "summary": {"covered_lines": 105, "num_statements": 112, "percent_covered": 93.75, "percent_covered_display": "94", "missing_lines": 7, "excluded_lines": 0, "percent_statements_covered": 93.75, "percent_statements_covered_display": "94"}, "missing_lines": [159, 172, 186, 200, 273, 274, 277], "excluded_lines": []}, "": {"executed_lines": [1, 3, 4, 6, 9, 10, 17, 37, 38, 42, 43, 47, 64, 108, 142, 178, 190, 207, 239, 251, 267], "summary": {"covered_lines": 19, "num_statements": 19, "percent_covered": 100.0, "percent_covered_display": "100", "missing_lines": 0, "excluded_lines": 0, "percent_statements_covered": 100.0, "percent_statements_covered_display": "100"}, "missing_lines": [], "excluded_lines": []}}}, "src/puzzle_arcade_server/games/kenken.py": {"executed_lines": [1, 3, 4, 6, 9, 10, 16, 22, 25, 27, 28, 29, 34, 36, 37, 39, 41, 42, 44, 46, 58, 59, 62, 63, 64, 67, 68, 69, 71, 73, 99, 111, 112, 113, 116, 119, 122, 128, 130, 141, 143, 145, 146, 148, 149, 150, 151, 152, 154, 156, 158, 160, 162, 164, 165, 167, 169, 172, 173, 175, 176, 177, 178, 181, 182, 183, 186, 188, 189, 190, 191, 192, 193, 195, 196, 197, 198, 201, 203, 204, 205, 208, 209, 211, 213, 215, 216, 217, 218, 219, 220, 221, 222, 223, 224, 225, 227, 228, 230, 232, 234, 237, 240, 241, 242, 245, 246, 247, 248, 250, 251, 254, 257, 258, 259, 260, 262, 274, 275, 278, 279, 282, 283, 284, 287, 288, 291, 292, 294, 298, 299, 301, 304, 305, 306, 307, 310, 311, 312, 315, 317, 323, 324, 327, 328, 329, 330, 332, 338, 341, 342, 343, 344, 347, 348, 350, 351, 352, 353, 354, 357, 358, 360, 361, 362, 363, 365, 366, 367, 370, 371, 372, 373, 374, 376, 378, 384, 390, 396, 406, 412, 413], "summary": {"covered_lines": 180, "num_statements": 199, "percent_covered": 90.45226130653266, "percent_covered_display": "90", "missing_lines": 19, "excluded_lines": 0, "percent_statements_covered": 90.45226130653266, "percent_statements_covered_display": "90"}, "missing_lines": [82, 83, 84, 85, 86, 88, 91, 92, 94, 96, 97, 125, 126, 157, 163, 295, 296, 313, 325], "excluded_lines": [], "functions": {"KenKenGame.__init__": {"executed_lines": [22, 25, 27, 28, 29, 34], "summary": {"covered_lines": 6, "num_statements": 6, "percent_covered": 100.0, "percent_covered_display": "100", "missing_lines": 0, "excluded_lines": 0, "percent_statements_covered": 100.0, "percent_statements_covered_display": "100"}, "missing_lines": [], "excluded_lines": []}, "KenKenGame.name": {"executed_lines": [39], "summary": {"covered_lines": 1, "num_statements": 1, "percent_covered": 100.0, "percent_covered_display": "100", "missing_lines": 0, "excluded_lines": 0, "percent_statements_covered": 100.0, "percent_statements_covered_display": "100"}, "missing_lines": [], "excluded_lines": []}, "KenKenGame.description": {"executed_lines": [44], "summary": {"covered_lines": 1, "num_statements": 1, "percent_covered": 100.0, "percent_covered_display": "100", "missing_lines": 0, "excluded_lines": 0, "percent_statements_covered": 100.0, "percent_statements_covered_display": "100"}, "missing_lines": [], "excluded_lines": []}, "KenKenGame.is_valid_move": {"executed_lines": [58, 59, 62, 63, 64, 67, 68, 69, 71], "summary": {"covered_lines": 9, "num_statements": 9, "percent_covered": 100.0, "percent_covered_display": "100", "missing_lines": 0, "excluded_lines": 0, "percent_statements_covered": 100.0, "percent_statements_covered_display": "100"}, "missing_lines": [], "excluded_lines": []}, "KenKenGame.solve": {"executed_lines": [], "summary": {"covered_lines": 0, "num_statements": 11, "percent_covered": 0.0, "percent_covered_display": "0", "missing_lines": 11, "excluded_lines": 0, "percent_statements_covered": 0.0, "percent_statements_covered_display": "0"}, "missing_lines": [82, 83, 84, 85, 86, 88, 91, 92, 94, 96, 97], "excluded_lines": []}, "KenKenGame._check_cage_constraints": {"executed_lines": [111, 112, 113, 116, 119, 122, 128], "summary": {"covered_lines": 7, "num_statements": 9, "percent_covered": 77.77777777777777, "percent_covered_display": "78", "missing_lines": 2, "excluded_lines": 0, "percent_statements_covered": 77.77777777777777, "percent_statements_covered_display": "78"}, "missing_lines": [125, 126], "excluded_lines": []}, "KenKenGame._evaluate_cage": {"executed_lines": [141, 143, 145, 146, 148, 149, 150, 151, 152, 154, 156, 158, 160, 162, 164, 165, 167], "summary": {"covered_lines": 17, "num_statements": 19, "percent_covered": 89.47368421052632, "percent_covered_display": "89", "missing_lines": 2, "excluded_lines": 0, "percent_statements_covered": 89.47368421052632, "percent_statements_covered_display": "89"}, "missing_lines": [157, 163], "excluded_lines": []}, "KenKenGame._generate_cages": {"executed_lines": [172, 173, 175, 176, 177, 178, 181, 182, 183, 186, 188, 189, 190, 191, 192, 193, 195, 196, 197, 198, 201, 203, 204, 205, 208, 209, 211, 213, 215, 216, 217, 218, 219, 220, 221, 222, 223, 224, 225, 227, 228, 230, 232], "summary": {"covered_lines": 43, "num_statements": 43, "percent_covered": 100.0, "percent_covered_display": "100", "missing_lines": 0, "excluded_lines": 0, "percent_statements_covered": 100.0, "percent_statements_covered_display": "100"}, "missing_lines": [], "excluded_lines": []}, "KenKenGame.generate_puzzle": {"executed_lines": [237, 240, 241, 242, 245, 246, 247, 248, 250, 251, 254, 257, 258, 259, 260], "summary": {"covered_lines": 15, "num_statements": 15, "percent_covered": 100.0, "percent_covered_display": "100", "missing_lines": 0, "excluded_lines": 0, "percent_statements_covered": 100.0, "percent_statements_covered_display": "100"}, "missing_lines": [], "excluded_lines": []}, "KenKenGame.validate_move": {"executed_lines": [274, 275, 278, 279, 282, 283, 284, 287, 288, 291, 292, 294, 298, 299], "summary": {"covered_lines": 14, "num_statements": 16, "percent_covered": 87.5, "percent_covered_display": "88", "missing_lines": 2, "excluded_lines": 0, "percent_statements_covered": 87.5, "percent_statements_covered_display": "88"}, "missing_lines": [295, 296], "excluded_lines": []}, "KenKenGame.is_complete": {"executed_lines": [304, 305, 306, 307, 310, 311, 312, 315], "summary": {"covered_lines": 8, "num_statements": 9, "percent_covered": 88.88888888888889, "percent_covered_display": "89", "missing_lines": 1, "excluded_lines": 0, "percent_statements_covered": 88.88888888888889, "percent_statements_covered_display": "89"}, "missing_lines": [313], "excluded_lines": []}, "KenKenGame.get_hint": {"executed_lines": [323, 324, 327, 328, 329, 330], "summary": {"covered_lines": 6, "num_statements": 7, "percent_covered": 85.71428571428571, "percent_covered_display": "86", "missing_lines": 1, "excluded_lines": 0, "percent_statements_covered": 85.71428571428571, "percent_statements_covered_display": "86"}, "missing_lines": [325], "excluded_lines": []}, "KenKenGame.render_grid": {"executed_lines": [338, 341, 342, 343, 344, 347, 348, 350, 351, 352, 353, 354, 357, 358, 360, 361, 362, 363, 365, 366, 367, 370, 371, 372, 373, 374, 376], "summary": {"covered_lines": 27, "num_statements": 27, "percent_covered": 100.0, "percent_covered_display": "100", "missing_lines": 0, "excluded_lines": 0, "percent_statements_covered": 100.0, "percent_statements_covered_display": "100"}, "missing_lines": [], "excluded_lines": []}, "KenKenGame.get_rules": {"executed_lines": [384], "summary": {"covered_lines": 1, "num_statements": 1, "percent_covered": 100.0, "percent_covered_display": "100", "missing_lines": 0, "excluded_lines": 0, "percent_statements_covered": 100.0, "percent_statements_covered_display": "100"}, "missing_lines": [], "excluded_lines": []}, "KenKenGame.get_commands": {"executed_lines": [396], "summary": {"covered_lines": 1, "num_statements": 1, "percent_covered": 100.0, "percent_covered_display": "100", "missing_lines": 0, "excluded_lines": 0, "percent_statements_covered": 100.0, "percent_statements_covered_display": "100"}, "missing_lines": [], "excluded_lines": []}, "KenKenGame.get_stats": {"executed_lines": [412, 413], "summary": {"covered_lines": 2, "num_statements": 2, "percent_covered": 100.0, "percent_covered_display": "100", "missing_lines": 0, "excluded_lines": 0, "percent_statements_covered": 100.0, "percent_statements_covered_display": "100"}, "missing_lines": [], "excluded_lines": []}, "": {"executed_lines": [1, 3, 4, 6, 9, 10, 16, 36, 37, 41, 42, 46, 73, 99, 130, 169, 234, 262, 301, 317, 332, 378, 390, 406], "summary": {"covered_lines": 22, "num_statements": 22, "percent_covered": 100.0, "percent_covered_display": "100", "missing_lines": 0, "excluded_lines": 0, "percent_statements_covered": 100.0, "percent_statements_covered_display": "100"}, "missing_lines": [], "excluded_lines": []}}, "classes": {"KenKenGame": {"executed_lines": [22, 25, 27, 28, 29, 34, 39, 44, 58, 59, 62, 63, 64, 67, 68, 69, 71, 111, 112, 113, 116, 119, 122, 128, 141, 143, 145, 146, 148, 149, 150, 151, 152, 154, 156, 158, 160, 162, 164, 165, 167, 172, 173, 175, 176, 177, 178, 181, 182, 183, 186, 188, 189, 190, 191, 192, 193, 195, 196, 197, 198, 201, 203, 204, 205, 208, 209, 211, 213, 215, 216, 217, 218, 219, 220, 221, 222, 223, 224, 225, 227, 228, 230, 232, 237, 240, 241, 242, 245, 246, 247, 248, 250, 251, 254, 257, 258, 259, 260, 274, 275, 278, 279, 282, 283, 284, 287, 288, 291, 292, 294, 298, 299, 304, 305, 306, 307, 310, 311, 312, 315, 323, 324, 327, 328, 329, 330, 338, 341, 342, 343, 344, 347, 348, 350, 351, 352, 353, 354, 357, 358, 360, 361, 362, 363, 365, 366, 367, 370, 371, 372, 373, 374, 376, 384, 396, 412, 413], "summary": {"covered_lines": 158, "num_statements": 177, "percent_covered": 89.26553672316385, "percent_covered_display": "89", "missing_lines": 19, "excluded_lines": 0, "percent_statements_covered": 89.26553672316385, "percent_statements_covered_display": "89"}, "missing_lines": [82, 83, 84, 85, 86, 88, 91, 92, 94, 96, 97, 125, 126, 157, 163, 295, 296, 313, 325], "excluded_lines": []}, "": {"executed_lines": [1, 3, 4, 6, 9, 10, 16, 36, 37, 41, 42, 46, 73, 99, 130, 169, 234, 262, 301, 317, 332, 378, 390, 406], "summary": {"covered_lines": 22, "num_statements": 22, "percent_covered": 100.0, "percent_covered_display": "100", "missing_lines": 0, "excluded_lines": 0, "percent_statements_covered": 100.0, "percent_statements_covered_display": "100"}, "missing_lines": [], "excluded_lines": []}}}, "src/puzzle_arcade_server/games/logic_grid.py": {"executed_lines": [1, 3, 4, 6, 9, 10, 16, 22, 25, 28, 36, 40, 43, 45, 46, 48, 50, 51, 53, 55, 57, 60, 61, 62, 64, 65, 66, 68, 69, 70, 76, 78, 79, 82, 83, 84, 85, 88, 89, 90, 93, 94, 95, 97, 98, 100, 102, 103, 106, 108, 109, 111, 125, 126, 129, 130, 132, 133, 136, 137, 139, 143, 144, 145, 147, 149, 152, 153, 156, 157, 158, 159, 162, 163, 164, 168, 169, 170, 173, 175, 182, 183, 185, 186, 187, 189, 190, 191, 192, 196, 202, 204, 207, 208, 209, 211, 212, 213, 221, 222, 223, 225, 227, 233, 241, 247, 263], "summary": {"covered_lines": 105, "num_statements": 117, "percent_covered": 89.74358974358974, "percent_covered_display": "90", "missing_lines": 12, "excluded_lines": 0, "percent_statements_covered": 89.74358974358974, "percent_statements_covered_display": "90"}, "missing_lines": [140, 165, 171, 194, 215, 216, 217, 218, 219, 269, 270, 271], "excluded_lines": [], "functions": {"LogicGridGame.__init__": {"executed_lines": [22, 25, 28, 36, 40, 43], "summary": {"covered_lines": 6, "num_statements": 6, "percent_covered": 100.0, "percent_covered_display": "100", "missing_lines": 0, "excluded_lines": 0, "percent_statements_covered": 100.0, "percent_statements_covered_display": "100"}, "missing_lines": [], "excluded_lines": []}, "LogicGridGame.name": {"executed_lines": [48], "summary": {"covered_lines": 1, "num_statements": 1, "percent_covered": 100.0, "percent_covered_display": "100", "missing_lines": 0, "excluded_lines": 0, "percent_statements_covered": 100.0, "percent_statements_covered_display": "100"}, "missing_lines": [], "excluded_lines": []}, "LogicGridGame.description": {"executed_lines": [53], "summary": {"covered_lines": 1, "num_statements": 1, "percent_covered": 100.0, "percent_covered_display": "100", "missing_lines": 0, "excluded_lines": 0, "percent_statements_covered": 100.0, "percent_statements_covered_display": "100"}, "missing_lines": [], "excluded_lines": []}, "LogicGridGame._generate_solution": {"executed_lines": [57, 60, 61, 62, 64, 65, 66, 68, 69, 70], "summary": {"covered_lines": 10, "num_statements": 10, "percent_covered": 100.0, "percent_covered_display": "100", "missing_lines": 0, "excluded_lines": 0, "percent_statements_covered": 100.0, "percent_statements_covered_display": "100"}, "missing_lines": [], "excluded_lines": []}, "LogicGridGame._generate_clues": {"executed_lines": [78, 79, 82, 83, 84, 85, 88, 89, 90, 93, 94, 95, 97, 98], "summary": {"covered_lines": 14, "num_statements": 14, "percent_covered": 100.0, "percent_covered_display": "100", "missing_lines": 0, "excluded_lines": 0, "percent_statements_covered": 100.0, "percent_statements_covered_display": "100"}, "missing_lines": [], "excluded_lines": []}, "LogicGridGame.generate_puzzle": {"executed_lines": [102, 103, 106, 108, 109], "summary": {"covered_lines": 5, "num_statements": 5, "percent_covered": 100.0, "percent_covered_display": "100", "missing_lines": 0, "excluded_lines": 0, "percent_statements_covered": 100.0, "percent_statements_covered_display": "100"}, "missing_lines": [], "excluded_lines": []}, "LogicGridGame.validate_move": {"executed_lines": [125, 126, 129, 130, 132, 133, 136, 137, 139, 143, 144, 145, 147], "summary": {"covered_lines": 13, "num_statements": 14, "percent_covered": 92.85714285714286, "percent_covered_display": "93", "missing_lines": 1, "excluded_lines": 0, "percent_statements_covered": 92.85714285714286, "percent_statements_covered_display": "93"}, "missing_lines": [140], "excluded_lines": []}, "LogicGridGame.is_complete": {"executed_lines": [152, 153, 156, 157, 158, 159, 162, 163, 164, 168, 169, 170, 173], "summary": {"covered_lines": 13, "num_statements": 15, "percent_covered": 86.66666666666667, "percent_covered_display": "87", "missing_lines": 2, "excluded_lines": 0, "percent_statements_covered": 86.66666666666667, "percent_statements_covered_display": "87"}, "missing_lines": [165, 171], "excluded_lines": []}, "LogicGridGame.get_hint": {"executed_lines": [182, 183, 185, 186, 187, 189, 190, 191, 192], "summary": {"covered_lines": 9, "num_statements": 10, "percent_covered": 90.0, "percent_covered_display": "90", "missing_lines": 1, "excluded_lines": 0, "percent_statements_covered": 90.0, "percent_statements_covered_display": "90"}, "missing_lines": [194], "excluded_lines": []}, "LogicGridGame.render_grid": {"executed_lines": [202, 204, 207, 208, 209, 211, 212, 213, 221, 222, 223, 225], "summary": {"covered_lines": 12, "num_statements": 17, "percent_covered": 70.58823529411765, "percent_covered_display": "71", "missing_lines": 5, "excluded_lines": 0, "percent_statements_covered": 70.58823529411765, "percent_statements_covered_display": "71"}, "missing_lines": [215, 216, 217, 218, 219], "excluded_lines": []}, "LogicGridGame.get_rules": {"executed_lines": [233], "summary": {"covered_lines": 1, "num_statements": 1, "percent_covered": 100.0, "percent_covered_display": "100", "missing_lines": 0, "excluded_lines": 0, "percent_statements_covered": 100.0, "percent_statements_covered_display": "100"}, "missing_lines": [], "excluded_lines": []}, "LogicGridGame.get_commands": {"executed_lines": [247], "summary": {"covered_lines": 1, "num_statements": 1, "percent_covered": 100.0, "percent_covered_display": "100", "missing_lines": 0, "excluded_lines": 0, "percent_statements_covered": 100.0, "percent_statements_covered_display": "100"}, "missing_lines": [], "excluded_lines": []}, "LogicGridGame.get_stats": {"executed_lines": [], "summary": {"covered_lines": 0, "num_statements": 3, "percent_covered": 0.0, "percent_covered_display": "0", "missing_lines": 3, "excluded_lines": 0, "percent_statements_covered": 0.0, "percent_statements_covered_display": "0"}, "missing_lines": [269, 270, 271], "excluded_lines": []}, "": {"executed_lines": [1, 3, 4, 6, 9, 10, 16, 45, 46, 50, 51, 55, 76, 100, 111, 149, 175, 196, 227, 241, 263], "summary": {"covered_lines": 19, "num_statements": 19, "percent_covered": 100.0, "percent_covered_display": "100", "missing_lines": 0, "excluded_lines": 0, "percent_statements_covered": 100.0, "percent_statements_covered_display": "100"}, "missing_lines": [], "excluded_lines": []}}, "classes": {"LogicGridGame": {"executed_lines": [22, 25, 28, 36, 40, 43, 48, 53, 57, 60, 61, 62, 64, 65, 66, 68, 69, 70, 78, 79, 82, 83, 84, 85, 88, 89, 90, 93, 94, 95, 97, 98, 102, 103, 106, 108, 109, 125, 126, 129, 130, 132, 133, 136, 137, 139, 143, 144, 145, 147, 152, 153, 156, 157, 158, 159, 162, 163, 164, 168, 169, 170, 173, 182, 183, 185, 186, 187, 189, 190, 191, 192, 202, 204, 207, 208, 209, 211, 212, 213, 221, 222, 223, 225, 233, 247], "summary": {"covered_lines": 86, "num_statements": 98, "percent_covered": 87.75510204081633, "percent_covered_display": "88", "missing_lines": 12, "excluded_lines": 0, "percent_statements_covered": 87.75510204081633, "percent_statements_covered_display": "88"}, "missing_lines": [140, 165, 171, 194, 215, 216, 217, 218, 219, 269, 270, 271], "excluded_lines": []}, "": {"executed_lines": [1, 3, 4, 6, 9, 10, 16, 45, 46, 50, 51, 55, 76, 100, 111, 149, 175, 196, 227, 241, 263], "summary": {"covered_lines": 19, "num_statements": 19, "percent_covered": 100.0, "percent_covered_display": "100", "missing_lines": 0, "excluded_lines": 0, "percent_statements_covered": 100.0, "percent_statements_covered_display": "100"}, "missing_lines": [], "excluded_lines": []}}}, "src/puzzle_arcade_server/games/nonogram.py": {"executed_lines": [1, 3, 4, 6, 9, 10, 16, 22, 25, 28, 29, 30, 33, 34, 36, 37, 39, 41, 42, 44, 46, 55, 56, 58, 59, 60, 61, 62, 63, 65, 66, 68, 70, 73, 75, 76, 77, 79, 82, 85, 86, 87, 88, 90, 91, 92, 93, 94, 97, 98, 99, 100, 102, 114, 115, 118, 119, 122, 123, 125, 126, 127, 129, 132, 133, 134, 135, 136, 139, 141, 147, 148, 151, 152, 153, 154, 155, 156, 158, 164, 167, 168, 171, 172, 173, 174, 176, 177, 178, 180, 181, 183, 186, 188, 189, 190, 193, 194, 195, 196, 197, 202, 203, 205, 207, 209, 215, 224, 230, 240], "summary": {"covered_lines": 108, "num_statements": 116, "percent_covered": 93.10344827586206, "percent_covered_display": "93", "missing_lines": 8, "excluded_lines": 0, "percent_statements_covered": 93.10344827586206, "percent_statements_covered_display": "93"}, "missing_lines": [137, 149, 198, 199, 201, 246, 247, 248], "excluded_lines": [], "functions": {"NonogramGame.__init__": {"executed_lines": [22, 25, 28, 29, 30, 33, 34], "summary": {"covered_lines": 7, "num_statements": 7, "percent_covered": 100.0, "percent_covered_display": "100", "missing_lines": 0, "excluded_lines": 0, "percent_statements_covered": 100.0, "percent_statements_covered_display": "100"}, "missing_lines": [], "excluded_lines": []}, "NonogramGame.name": {"executed_lines": [39], "summary": {"covered_lines": 1, "num_statements": 1, "percent_covered": 100.0, "percent_covered_display": "100", "missing_lines": 0, "excluded_lines": 0, "percent_statements_covered": 100.0, "percent_statements_covered_display": "100"}, "missing_lines": [], "excluded_lines": []}, "NonogramGame.description": {"executed_lines": [44], "summary": {"covered_lines": 1, "num_statements": 1, "percent_covered": 100.0, "percent_covered_display": "100", "missing_lines": 0, "excluded_lines": 0, "percent_statements_covered": 100.0, "percent_statements_covered_display": "100"}, "missing_lines": [], "excluded_lines": []}, "NonogramGame._calculate_clues": {"executed_lines": [55, 56, 58, 59, 60, 61, 62, 63, 65, 66, 68], "summary": {"covered_lines": 11, "num_statements": 11, "percent_covered": 100.0, "percent_covered_display": "100", "missing_lines": 0, "excluded_lines": 0, "percent_statements_covered": 100.0, "percent_statements_covered_display": "100"}, "missing_lines": [], "excluded_lines": []}, "NonogramGame._generate_pattern": {"executed_lines": [73, 75, 76, 77], "summary": {"covered_lines": 4, "num_statements": 4, "percent_covered": 100.0, "percent_covered_display": "100", "missing_lines": 0, "excluded_lines": 0, "percent_statements_covered": 100.0, "percent_statements_covered_display": "100"}, "missing_lines": [], "excluded_lines": []}, "NonogramGame.generate_puzzle": {"executed_lines": [82, 85, 86, 87, 88, 90, 91, 92, 93, 94, 97, 98, 99, 100], "summary": {"covered_lines": 14, "num_statements": 14, "percent_covered": 100.0, "percent_covered_display": "100", "missing_lines": 0, "excluded_lines": 0, "percent_statements_covered": 100.0, "percent_statements_covered_display": "100"}, "missing_lines": [], "excluded_lines": []}, "NonogramGame.validate_move": {"executed_lines": [114, 115, 118, 119, 122, 123, 125, 126, 127], "summary": {"covered_lines": 9, "num_statements": 9, "percent_covered": 100.0, "percent_covered_display": "100", "missing_lines": 0, "excluded_lines": 0, "percent_statements_covered": 100.0, "percent_statements_covered_display": "100"}, "missing_lines": [], "excluded_lines": []}, "NonogramGame.is_complete": {"executed_lines": [132, 133, 134, 135, 136, 139], "summary": {"covered_lines": 6, "num_statements": 7, "percent_covered": 85.71428571428571, "percent_covered_display": "86", "missing_lines": 1, "excluded_lines": 0, "percent_statements_covered": 85.71428571428571, "percent_statements_covered_display": "86"}, "missing_lines": [137], "excluded_lines": []}, "NonogramGame.get_hint": {"executed_lines": [147, 148, 151, 152, 153, 154, 155, 156], "summary": {"covered_lines": 8, "num_statements": 9, "percent_covered": 88.88888888888889, "percent_covered_display": "89", "missing_lines": 1, "excluded_lines": 0, "percent_statements_covered": 88.88888888888889, "percent_statements_covered_display": "89"}, "missing_lines": [149], "excluded_lines": []}, "NonogramGame.render_grid": {"executed_lines": [164, 167, 168, 171, 172, 173, 174, 176, 177, 178, 180, 181, 183, 186, 188, 189, 190, 193, 194, 195, 196, 197, 202, 203, 205, 207], "summary": {"covered_lines": 26, "num_statements": 29, "percent_covered": 89.65517241379311, "percent_covered_display": "90", "missing_lines": 3, "excluded_lines": 0, "percent_statements_covered": 89.65517241379311, "percent_statements_covered_display": "90"}, "missing_lines": [198, 199, 201], "excluded_lines": []}, "NonogramGame.get_rules": {"executed_lines": [215], "summary": {"covered_lines": 1, "num_statements": 1, "percent_covered": 100.0, "percent_covered_display": "100", "missing_lines": 0, "excluded_lines": 0, "percent_statements_covered": 100.0, "percent_statements_covered_display": "100"}, "missing_lines": [], "excluded_lines": []}, "NonogramGame.get_commands": {"executed_lines": [230], "summary": {"covered_lines": 1, "num_statements": 1, "percent_covered": 100.0, "percent_covered_display": "100", "missing_lines": 0, "excluded_lines": 0, "percent_statements_covered": 100.0, "percent_statements_covered_display": "100"}, "missing_lines": [], "excluded_lines": []}, "NonogramGame.get_stats": {"executed_lines": [], "summary": {"covered_lines": 0, "num_statements": 3, "percent_covered": 0.0, "percent_covered_display": "0", "missing_lines": 3, "excluded_lines": 0, "percent_statements_covered": 0.0, "percent_statements_covered_display": "0"}, "missing_lines": [246, 247, 248], "excluded_lines": []}, "": {"executed_lines": [1, 3, 4, 6, 9, 10, 16, 36, 37, 41, 42, 46, 70, 79, 102, 129, 141, 158, 209, 224, 240], "summary": {"covered_lines": 19, "num_statements": 19, "percent_covered": 100.0, "percent_covered_display": "100", "missing_lines": 0, "excluded_lines": 0, "percent_statements_covered": 100.0, "percent_statements_covered_display": "100"}, "missing_lines": [], "excluded_lines": []}}, "classes": {"NonogramGame": {"executed_lines": [22, 25, 28, 29, 30, 33, 34, 39, 44, 55, 56, 58, 59, 60, 61, 62, 63, 65, 66, 68, 73, 75, 76, 77, 82, 85, 86, 87, 88, 90, 91, 92, 93, 94, 97, 98, 99, 100, 114, 115, 118, 119, 122, 123, 125, 126, 127, 132, 133, 134, 135, 136, 139, 147, 148, 151, 152, 153, 154, 155, 156, 164, 167, 168, 171, 172, 173, 174, 176, 177, 178, 180, 181, 183, 186, 188, 189, 190, 193, 194, 195, 196, 197, 202, 203, 205, 207, 215, 230], "summary": {"covered_lines": 89, "num_statements": 97, "percent_covered": 91.75257731958763, "percent_covered_display": "92", "missing_lines": 8, "excluded_lines": 0, "percent_statements_covered": 91.75257731958763, "percent_statements_covered_display": "92"}, "missing_lines": [137, 149, 198, 199, 201, 246, 247, 248], "excluded_lines": []}, "": {"executed_lines": [1, 3, 4, 6, 9, 10, 16, 36, 37, 41, 42, 46, 70, 79, 102, 129, 141, 158, 209, 224, 240], "summary": {"covered_lines": 19, "num_statements": 19, "percent_covered": 100.0, "percent_covered_display": "100", "missing_lines": 0, "excluded_lines": 0, "percent_statements_covered": 100.0, "percent_statements_covered_display": "100"}, "missing_lines": [], "excluded_lines": []}}}, "src/puzzle_arcade_server/games/sudoku.py": {"executed_lines": [1, 3, 4, 6, 9, 10, 12, 18, 19, 20, 21, 23, 24, 28, 29, 33, 45, 46, 49, 50, 51, 54, 55, 56, 59, 60, 61, 62, 63, 65, 67, 76, 77, 78, 79, 81, 84, 85, 88, 90, 91, 93, 96, 99, 100, 101, 102, 103, 104, 107, 108, 109, 112, 115, 116, 118, 119, 122, 123, 124, 126, 138, 139, 142, 146, 147, 150, 151, 152, 155, 159, 160, 162, 163, 164, 166, 167, 169, 171, 172, 173, 174, 175, 177, 179, 185, 186, 189, 190, 191, 192, 194, 200, 201, 202, 204, 205, 206, 208, 209, 210, 211, 213, 214, 215, 217, 219, 220, 222, 223, 225, 238, 254], "summary": {"covered_lines": 111, "num_statements": 121, "percent_covered": 91.73553719008264, "percent_covered_display": "92", "missing_lines": 10, "excluded_lines": 0, "percent_statements_covered": 91.73553719008264, "percent_statements_covered_display": "92"}, "missing_lines": [26, 31, 143, 156, 176, 187, 231, 244, 260, 261], "excluded_lines": [], "functions": {"SudokuGame.__init__": {"executed_lines": [18, 19, 20, 21], "summary": {"covered_lines": 4, "num_statements": 4, "percent_covered": 100.0, "percent_covered_display": "100", "missing_lines": 0, "excluded_lines": 0, "percent_statements_covered": 100.0, "percent_statements_covered_display": "100"}, "missing_lines": [], "excluded_lines": []}, "SudokuGame.name": {"executed_lines": [], "summary": {"covered_lines": 0, "num_statements": 1, "percent_covered": 0.0, "percent_covered_display": "0", "missing_lines": 1, "excluded_lines": 0, "percent_statements_covered": 0.0, "percent_statements_covered_display": "0"}, "missing_lines": [26], "excluded_lines": []}, "SudokuGame.description": {"executed_lines": [], "summary": {"covered_lines": 0, "num_statements": 1, "percent_covered": 0.0, "percent_covered_display": "0", "missing_lines": 1, "excluded_lines": 0, "percent_statements_covered": 0.0, "percent_statements_covered_display": "0"}, "missing_lines": [31], "excluded_lines": []}, "SudokuGame.is_valid_move": {"executed_lines": [45, 46, 49, 50, 51, 54, 55, 56, 59, 60, 61, 62, 63, 65], "summary": {"covered_lines": 14, "num_statements": 14, "percent_covered": 100.0, "percent_covered_display": "100", "missing_lines": 0, "excluded_lines": 0, "percent_statements_covered": 100.0, "percent_statements_covered_display": "100"}, "missing_lines": [], "excluded_lines": []}, "SudokuGame.solve": {"executed_lines": [76, 77, 78, 79, 81, 84, 85, 88, 90, 91], "summary": {"covered_lines": 10, "num_statements": 10, "percent_covered": 100.0, "percent_covered_display": "100", "missing_lines": 0, "excluded_lines": 0, "percent_statements_covered": 100.0, "percent_statements_covered_display": "100"}, "missing_lines": [], "excluded_lines": []}, "SudokuGame.generate_puzzle": {"executed_lines": [96, 99, 100, 101, 102, 103, 104, 107, 108, 109, 112, 115, 116, 118, 119, 122, 123, 124], "summary": {"covered_lines": 18, "num_statements": 18, "percent_covered": 100.0, "percent_covered_display": "100", "missing_lines": 0, "excluded_lines": 0, "percent_statements_covered": 100.0, "percent_statements_covered_display": "100"}, "missing_lines": [], "excluded_lines": []}, "SudokuGame.validate_move": {"executed_lines": [138, 139, 142, 146, 147, 150, 151, 152, 155, 159, 160, 162, 163, 164, 166, 167], "summary": {"covered_lines": 16, "num_statements": 18, "percent_covered": 88.88888888888889, "percent_covered_display": "89", "missing_lines": 2, "excluded_lines": 0, "percent_statements_covered": 88.88888888888889, "percent_statements_covered_display": "89"}, "missing_lines": [143, 156], "excluded_lines": []}, "SudokuGame.is_complete": {"executed_lines": [171, 172, 173, 174, 175, 177], "summary": {"covered_lines": 6, "num_statements": 7, "percent_covered": 85.71428571428571, "percent_covered_display": "86", "missing_lines": 1, "excluded_lines": 0, "percent_statements_covered": 85.71428571428571, "percent_statements_covered_display": "86"}, "missing_lines": [176], "excluded_lines": []}, "SudokuGame.get_hint": {"executed_lines": [185, 186, 189, 190, 191, 192], "summary": {"covered_lines": 6, "num_statements": 7, "percent_covered": 85.71428571428571, "percent_covered_display": "86", "missing_lines": 1, "excluded_lines": 0, "percent_statements_covered": 85.71428571428571, "percent_statements_covered_display": "86"}, "missing_lines": [187], "excluded_lines": []}, "SudokuGame.render_grid": {"executed_lines": [200, 201, 202, 204, 205, 206, 208, 209, 210, 211, 213, 214, 215, 217, 219, 220, 222, 223], "summary": {"covered_lines": 18, "num_statements": 18, "percent_covered": 100.0, "percent_covered_display": "100", "missing_lines": 0, "excluded_lines": 0, "percent_statements_covered": 100.0, "percent_statements_covered_display": "100"}, "missing_lines": [], "excluded_lines": []}, "SudokuGame.get_rules": {"executed_lines": [], "summary": {"covered_lines": 0, "num_statements": 1, "percent_covered": 0.0, "percent_covered_display": "0", "missing_lines": 1, "excluded_lines": 0, "percent_statements_covered": 0.0, "percent_statements_covered_display": "0"}, "missing_lines": [231], "excluded_lines": []}, "SudokuGame.get_commands": {"executed_lines": [], "summary": {"covered_lines": 0, "num_statements": 1, "percent_covered": 0.0, "percent_covered_display": "0", "missing_lines": 1, "excluded_lines": 0, "percent_statements_covered": 0.0, "percent_statements_covered_display": "0"}, "missing_lines": [244], "excluded_lines": []}, "SudokuGame.get_stats": {"executed_lines": [], "summary": {"covered_lines": 0, "num_statements": 2, "percent_covered": 0.0, "percent_covered_display": "0", "missing_lines": 2, "excluded_lines": 0, "percent_statements_covered": 0.0, "percent_statements_covered_display": "0"}, "missing_lines": [260, 261], "excluded_lines": []}, "": {"executed_lines": [1, 3, 4, 6, 9, 10, 12, 23, 24, 28, 29, 33, 67, 93, 126, 169, 179, 194, 225, 238, 254], "summary": {"covered_lines": 19, "num_statements": 19, "percent_covered": 100.0, "percent_covered_display": "100", "missing_lines": 0, "excluded_lines": 0, "percent_statements_covered": 100.0, "percent_statements_covered_display": "100"}, "missing_lines": [], "excluded_lines": []}}, "classes": {"SudokuGame": {"executed_lines": [18, 19, 20, 21, 45, 46, 49, 50, 51, 54, 55, 56, 59, 60, 61, 62, 63, 65, 76, 77, 78, 79, 81, 84, 85, 88, 90, 91, 96, 99, 100, 101, 102, 103, 104, 107, 108, 109, 112, 115, 116, 118, 119, 122, 123, 124, 138, 139, 142, 146, 147, 150, 151, 152, 155, 159, 160, 162, 163, 164, 166, 167, 171, 172, 173, 174, 175, 177, 185, 186, 189, 190, 191, 192, 200, 201, 202, 204, 205, 206, 208, 209, 210, 211, 213, 214, 215, 217, 219, 220, 222, 223], "summary": {"covered_lines": 92, "num_statements": 102, "percent_covered": 90.19607843137256, "percent_covered_display": "90", "missing_lines": 10, "excluded_lines": 0, "percent_statements_covered": 90.19607843137256, "percent_statements_covered_display": "90"}, "missing_lines": [26, 31, 143, 156, 176, 187, 231, 244, 260, 261], "excluded_lines": []}, "": {"executed_lines": [1, 3, 4, 6, 9, 10, 12, 23, 24, 28, 29, 33, 67, 93, 126, 169, 179, 194, 225, 238, 254], "summary": {"covered_lines": 19, "num_statements": 19, "percent_covered": 100.0, "percent_covered_display": "100", "missing_lines": 0, "excluded_lines": 0, "percent_statements_covered": 100.0, "percent_statements_covered_display": "100"}, "missing_lines": [], "excluded_lines": []}}}, "src/puzzle_arcade_server/utils/__init__.py": {"executed_lines": [], "summary": {"covered_lines": 0, "num_statements": 0, "percent_covered": 100.0, "percent_covered_display": "100", "missing_lines": 0, "excluded_lines": 0, "percent_statements_covered": 100.0, "percent_statements_covered_display": "100"}, "missing_lines": [], "excluded_lines": [], "functions": {"": {"executed_lines": [], "summary": {"covered_lines": 0, "num_statements": 0, "percent_covered": 100.0, "percent_covered_display": "100", "missing_lines": 0, "excluded_lines": 0, "percent_statements_covered": 100.0, "percent_statements_covered_display": "100"}, "missing_lines": [], "excluded_lines": []}}, "classes": {"": {"executed_lines": [], "summary": {"covered_lines": 0, "num_statements": 0, "percent_covered": 100.0, "percent_covered_display": "100", "missing_lines": 0, "excluded_lines": 0, "percent_statements_covered": 100.0, "percent_statements_covered_display": "100"}, "missing_lines": [], "excluded_lines": []}}}}, "totals": {"covered_lines": 950, "num_statements": 1013, "percent_covered": 93.78084896347482, "percent_covered_display": "94", "missing_lines": 63, "excluded_lines": 71, "percent_statements_covered": 93.78084896347482, "percent_statements_covered_display": "94"}}